Arguments: 
  /Users/alinavoicu/.nvm/versions/node/v18.4.0/bin/node /Users/alinavoicu/.nvm/versions/node/v18.4.0/bin/yarn add @expo/vector-icon

PATH: 
  /Users/alinavoicu/.nvm/versions/node/v18.4.0/bin:/opt/homebrew/opt/python@3.8/bin:/opt/homebrew/opt/python@3.8/bin:/Users/alinavoicu/miniforge3/bin:/Users/alinavoicu/miniforge3/condabin:/opt/homebrew/bin:/opt/homebrew/sbin:/opt/local/bin:/opt/local/sbin:/usr/local/bin:/usr/bin:/bin:/usr/sbin:/sbin:/Library/Apple/usr/bin

Yarn version: 
  1.22.19

Node version: 
  18.4.0

Platform: 
  darwin arm64

Trace: 
  Error: https://registry.npmjs.org/@expo%2fvector-icon: Not found
      at params.callback [as _callback] (/Users/alinavoicu/.nvm/versions/node/v18.4.0/lib/node_modules/yarn/lib/cli.js:66145:18)
      at self.callback (/Users/alinavoicu/.nvm/versions/node/v18.4.0/lib/node_modules/yarn/lib/cli.js:140890:22)
      at Request.emit (node:events:537:28)
      at Request.<anonymous> (/Users/alinavoicu/.nvm/versions/node/v18.4.0/lib/node_modules/yarn/lib/cli.js:141862:10)
      at Request.emit (node:events:537:28)
      at IncomingMessage.<anonymous> (/Users/alinavoicu/.nvm/versions/node/v18.4.0/lib/node_modules/yarn/lib/cli.js:141784:12)
      at Object.onceWrapper (node:events:651:28)
      at IncomingMessage.emit (node:events:549:35)
      at endReadableNT (node:internal/streams/readable:1359:12)
      at process.processTicksAndRejections (node:internal/process/task_queues:82:21)

npm manifest: 
  {
    "name": "swipeanddine",
    "version": "1.0.0",
    "main": "node_modules/expo/AppEntry.js",
    "scripts": {
      "start": "expo start",
      "android": "expo start --android",
      "ios": "expo start --ios",
      "web": "expo start --web",
      "eject": "expo eject",
      "lint": "eslint . --ext .js"
    },
    "dependencies": {
      "@expo-google-fonts/lato": "^0.2.2",
      "@expo-google-fonts/oswald": "^0.2.2",
      "@expo/vector-icons": "^13.0.0",
      "@react-native-community/masked-view": "^0.1.11",
      "@react-navigation/bottom-tabs": "^6.3.2",
      "@react-navigation/native": "^6.0.11",
      "expo": "~45.0.0",
      "expo-font": "~10.1.0",
      "expo-status-bar": "~1.3.0",
      "react": "17.0.2",
      "react-dom": "17.0.2",
      "react-native": "0.68.2",
      "react-native-gesture-handler": "~2.2.1",
      "react-native-paper": "^4.12.2",
      "react-native-reanimated": "~2.8.0",
      "react-native-safe-area-context": "4.2.4",
      "react-native-screens": "~3.11.1",
      "react-native-svg": "12.3.0",
      "react-native-vector-icons": "^9.2.0",
      "react-native-web": "0.17.7",
      "styled-components": "^5.3.5"
    },
    "devDependencies": {
      "@babel/core": "^7.12.9",
      "@react-native-community/eslint-config": "^3.0.3",
      "@types/styled-components": "^5.1.25",
      "eslint": "^8.20.0",
      "prettier": "^2.7.1"
    },
    "private": true
  }

yarn manifest: 
  No manifest

Lockfile: 
  No lockfile
